2021-05-11T02:05:16+00:00 CRITICAL syntax error, unexpected 'echo' (T_ECHO) in /home/cosmicu/public_html/wp-content/themes/kiddy/event-template.php on line 37

2021-05-11T11:00:19+00:00 CRITICAL Uncaught Error: Call to undefined function var_dum() in /home/cosmicu/public_html/wp-content/themes/kiddy/woocommerce/cart/cart.php:44
Stack trace:
#0 /home/cosmicu/public_html/wp-content/plugins/woocommerce/includes/wc-core-functions.php(345): include()
#1 /home/cosmicu/public_html/wp-content/plugins/woocommerce/includes/shortcodes/class-wc-shortcode-cart.php(99): wc_get_template('cart/cart.php')
#2 /home/cosmicu/public_html/wp-content/plugins/woocommerce/includes/class-wc-shortcodes.php(72): WC_Shortcode_Cart::output(Array)
#3 /home/cosmicu/public_html/wp-content/plugins/woocommerce/includes/class-wc-shortcodes.php(85): WC_Shortcodes::shortcode_wrapper(Array)
#4 /home/cosmicu/public_html/wp-includes/shortcodes.php(343): WC_Shortcodes::cart('', '', 'woocommerce_car...')
#5 [internal function]: do_shortcode_tag(Array)
#6 /home/cosmicu/public_html/wp-includes/shortcodes.php(218): preg_replace_callback('/\\[(\\[?)(woocom...', 'do_shortcode_ta...', '\n[woocommerce_c...')
#7 /home/cosmicu/public_html/wp-content/p in /home/cosmicu/public_html/wp-content/themes/kiddy/woocommerce/cart/cart.php on line 44

2021-05-11T11:01:00+00:00 CRITICAL Uncaught Error: Call to undefined function var_dum() in /home/cosmicu/public_html/wp-content/themes/kiddy/woocommerce/cart/cart.php:44
Stack trace:
#0 /home/cosmicu/public_html/wp-content/plugins/woocommerce/includes/wc-core-functions.php(345): include()
#1 /home/cosmicu/public_html/wp-content/plugins/woocommerce/includes/shortcodes/class-wc-shortcode-cart.php(99): wc_get_template('cart/cart.php')
#2 /home/cosmicu/public_html/wp-content/plugins/woocommerce/includes/class-wc-shortcodes.php(72): WC_Shortcode_Cart::output(Array)
#3 /home/cosmicu/public_html/wp-content/plugins/woocommerce/includes/class-wc-shortcodes.php(85): WC_Shortcodes::shortcode_wrapper(Array)
#4 /home/cosmicu/public_html/wp-includes/shortcodes.php(343): WC_Shortcodes::cart('', '', 'woocommerce_car...')
#5 [internal function]: do_shortcode_tag(Array)
#6 /home/cosmicu/public_html/wp-includes/shortcodes.php(218): preg_replace_callback('/\\[(\\[?)(woocom...', 'do_shortcode_ta...', '\n[woocommerce_c...')
#7 /home/cosmicu/public_html/wp-content/p in /home/cosmicu/public_html/wp-content/themes/kiddy/woocommerce/cart/cart.php on line 44

2021-05-11T12:09:00+00:00 CRITICAL syntax error, unexpected 'echo' (T_ECHO) in /home/cosmicu/public_html/wp-content/themes/kiddy/event-template.php on line 37

2021-05-11T13:41:49+00:00 CRITICAL syntax error, unexpected 'echo' (T_ECHO) in /home/cosmicu/public_html/wp-content/themes/kiddy/event-template.php on line 37

