2021-05-11T09:58:29+00:00 INFO Array
(
    [Webhook Delivery] => Array
        (
            [Delivery ID] => 4ba6380cc026e4964a8e09a2a5ffbcbe
            [Date] => May 11, 2021 @ 9:58
            [URL] => https://a.klaviyo.com/api/webhook/integration/woocommerce?c=PMBkPv
            [Duration] => 0.97475
            [Request] => Array
                (
                    [Method] => POST
                    [Headers] => Array
                        (
                            [User-Agent] => WooCommerce/4.7.1 Hookshot (WordPress/5.4.5)
                            [Content-Type] => application/json
                            [X-WC-Webhook-Source] => https://cosmicunicorns.com/
                            [X-WC-Webhook-Topic] => product.created
                            [X-WC-Webhook-Resource] => product
                            [X-WC-Webhook-Event] => created
                            [X-WC-Webhook-Signature] => +gJOr9z6D6CESXWCNJxDLEQWqZNFFXyoJdClMwNEpWY=
                            [X-WC-Webhook-ID] => 4
                            [X-WC-Webhook-Delivery-ID] => 4ba6380cc026e4964a8e09a2a5ffbcbe
                        )

                )

            [Body] => Webhook body is not logged unless WP_DEBUG mode is turned on. This is to avoid the storing of personal data in the logs.
            [Response] => Array
                (
                    [Code] => 200
                    [Message] => OK
                    [Headers] => Requests_Utility_CaseInsensitiveDictionary Object
                        (
                            [data:protected] => Array
                                (
                                    [content-type] => text/html; charset=utf-8
                                    [date] => Tue, 11 May 2021 09:58:29 GMT
                                    [server] => nginx
                                    [vary] => Cookie
                                    [content-length] => 1
                                )

                        )

                    [Body] => Webhook body is not logged unless WP_DEBUG mode is turned on. This is to avoid the storing of personal data in the logs.
                )

        )

)

2021-05-11T09:58:31+00:00 INFO Array
(
    [Webhook Delivery] => Array
        (
            [Delivery ID] => fa9bf8aff738393fbb1ef9a8087d72b4
            [Date] => May 11, 2021 @ 9:58
            [URL] => https://api.printful.com/hook/woocommerce?store=6365584
            [Duration] => 2.2889
            [Request] => Array
                (
                    [Method] => POST
                    [Headers] => Array
                        (
                            [User-Agent] => WooCommerce/4.7.1 Hookshot (WordPress/5.4.5)
                            [Content-Type] => application/json
                            [X-WC-Webhook-Source] => https://cosmicunicorns.com/
                            [X-WC-Webhook-Topic] => product.updated
                            [X-WC-Webhook-Resource] => product
                            [X-WC-Webhook-Event] => updated
                            [X-WC-Webhook-Signature] => b7V7pe1lihhiRSi/tJqsZkfyPD88v6zSRk50Jsn7x/Y=
                            [X-WC-Webhook-ID] => 7
                            [X-WC-Webhook-Delivery-ID] => fa9bf8aff738393fbb1ef9a8087d72b4
                        )

                )

            [Body] => Webhook body is not logged unless WP_DEBUG mode is turned on. This is to avoid the storing of personal data in the logs.
            [Response] => Array
                (
                    [Code] => 200
                    [Message] => OK
                    [Headers] => Requests_Utility_CaseInsensitiveDictionary Object
                        (
                            [data:protected] => Array
                                (
                                    [date] => Tue, 11 May 2021 09:58:31 GMT
                                    [content-type] => text/html; charset=UTF-8
                                    [vary] => Accept-Encoding
                                    [cf-cache-status] => DYNAMIC
                                    [cf-request-id] => 09fc7636f000005b6b3cb7c000000001
                                    [expect-ct] => max-age=604800, report-uri="https://report-uri.cloudflare.com/cdn-cgi/beacon/expect-ct"
                                    [set-cookie] => __cf_bm=d973013d8e8dfa78d0d0fb22aaefc9aead12053b-1620727111-1800-AcFtJwrSIZhQtYA4oUe5azzCsHkvUOy4gwHuRl4X+AhHhjMLLlu/l0HV7DQVOA2VPg2kNiiDzKeoXSj7sEL6UtM=; path=/; expires=Tue, 11-May-21 10:28:31 GMT; domain=.printful.com; HttpOnly; Secure; SameSite=None
                                    [strict-transport-security] => max-age=31536000; includeSubDomains; preload
                                    [x-content-type-options] => nosniff
                                    [server] => cloudflare
                                    [cf-ray] => 64da8c9e4c025b6b-IAD
                                    [content-encoding] => br
                                    [alt-svc] => h3-27=":443"; ma=86400, h3-28=":443"; ma=86400, h3-29=":443"; ma=86400
                                )

                        )

                    [Body] => Webhook body is not logged unless WP_DEBUG mode is turned on. This is to avoid the storing of personal data in the logs.
                )

        )

)

2021-05-11T09:58:31+00:00 INFO Array
(
    [Webhook Delivery] => Array
        (
            [Delivery ID] => d460b958c103694027da61ae4a3cebf6
            [Date] => May 11, 2021 @ 9:58
            [URL] => https://a.klaviyo.com/api/webhook/integration/woocommerce?c=PMBkPv
            [Duration] => 0.12923
            [Request] => Array
                (
                    [Method] => POST
                    [Headers] => Array
                        (
                            [User-Agent] => WooCommerce/4.7.1 Hookshot (WordPress/5.4.5)
                            [Content-Type] => application/json
                            [X-WC-Webhook-Source] => https://cosmicunicorns.com/
                            [X-WC-Webhook-Topic] => product.updated
                            [X-WC-Webhook-Resource] => product
                            [X-WC-Webhook-Event] => updated
                            [X-WC-Webhook-Signature] => aKEhdUFQHKAdRwuFFSjuOKA5EWj7B5ytaYsxtnd9NTY=
                            [X-WC-Webhook-ID] => 3
                            [X-WC-Webhook-Delivery-ID] => d460b958c103694027da61ae4a3cebf6
                        )

                )

            [Body] => Webhook body is not logged unless WP_DEBUG mode is turned on. This is to avoid the storing of personal data in the logs.
            [Response] => Array
                (
                    [Code] => 200
                    [Message] => OK
                    [Headers] => Requests_Utility_CaseInsensitiveDictionary Object
                        (
                            [data:protected] => Array
                                (
                                    [content-type] => text/html; charset=utf-8
                                    [date] => Tue, 11 May 2021 09:58:31 GMT
                                    [server] => nginx
                                    [vary] => Cookie
                                    [content-length] => 1
                                )

                        )

                    [Body] => Webhook body is not logged unless WP_DEBUG mode is turned on. This is to avoid the storing of personal data in the logs.
                )

        )

)

2021-05-11T10:05:17+00:00 INFO Array
(
    [Webhook Delivery] => Array
        (
            [Delivery ID] => aa44b4913cd7cb8b64543af6f676e358
            [Date] => May 11, 2021 @ 10:05
            [URL] => https://api.printful.com/hook/woocommerce?store=6365584
            [Duration] => 0.6241
            [Request] => Array
                (
                    [Method] => POST
                    [Headers] => Array
                        (
                            [User-Agent] => WooCommerce/4.7.1 Hookshot (WordPress/5.4.5)
                            [Content-Type] => application/json
                            [X-WC-Webhook-Source] => https://cosmicunicorns.com/
                            [X-WC-Webhook-Topic] => product.updated
                            [X-WC-Webhook-Resource] => product
                            [X-WC-Webhook-Event] => updated
                            [X-WC-Webhook-Signature] => C4UhV0m7HsBAUb8Zkq/34us3to5hrVkGyYscv97vGEY=
                            [X-WC-Webhook-ID] => 7
                            [X-WC-Webhook-Delivery-ID] => aa44b4913cd7cb8b64543af6f676e358
                        )

                )

            [Body] => Webhook body is not logged unless WP_DEBUG mode is turned on. This is to avoid the storing of personal data in the logs.
            [Response] => Array
                (
                    [Code] => 200
                    [Message] => OK
                    [Headers] => Requests_Utility_CaseInsensitiveDictionary Object
                        (
                            [data:protected] => Array
                                (
                                    [date] => Tue, 11 May 2021 10:05:17 GMT
                                    [content-type] => text/html; charset=UTF-8
                                    [vary] => Accept-Encoding
                                    [cf-cache-status] => DYNAMIC
                                    [cf-request-id] => 09fc7c691900005a454f241000000001
                                    [expect-ct] => max-age=604800, report-uri="https://report-uri.cloudflare.com/cdn-cgi/beacon/expect-ct"
                                    [set-cookie] => __cf_bm=f0d38f05eb8d119d9431da3ccd432cf9a64e5f83-1620727517-1800-AYwyGKNBKGNQpi8JNflsmIyHXgccExTnHVkOXW05D1QrOzOAmfIHYau50UgbcSlR3jDX/ByhGfzUwPJy9yU56V8=; path=/; expires=Tue, 11-May-21 10:35:17 GMT; domain=.printful.com; HttpOnly; Secure; SameSite=None
                                    [strict-transport-security] => max-age=31536000; includeSubDomains; preload
                                    [x-content-type-options] => nosniff
                                    [server] => cloudflare
                                    [cf-ray] => 64da96882fb05a45-IAD
                                    [content-encoding] => br
                                    [alt-svc] => h3-27=":443"; ma=86400, h3-28=":443"; ma=86400, h3-29=":443"; ma=86400
                                )

                        )

                    [Body] => Webhook body is not logged unless WP_DEBUG mode is turned on. This is to avoid the storing of personal data in the logs.
                )

        )

)

2021-05-11T10:05:18+00:00 INFO Array
(
    [Webhook Delivery] => Array
        (
            [Delivery ID] => 04867ae384475360f5d8f136af5753b5
            [Date] => May 11, 2021 @ 10:05
            [URL] => https://a.klaviyo.com/api/webhook/integration/woocommerce?c=PMBkPv
            [Duration] => 0.23999
            [Request] => Array
                (
                    [Method] => POST
                    [Headers] => Array
                        (
                            [User-Agent] => WooCommerce/4.7.1 Hookshot (WordPress/5.4.5)
                            [Content-Type] => application/json
                            [X-WC-Webhook-Source] => https://cosmicunicorns.com/
                            [X-WC-Webhook-Topic] => product.updated
                            [X-WC-Webhook-Resource] => product
                            [X-WC-Webhook-Event] => updated
                            [X-WC-Webhook-Signature] => MDvMXjcLXaF+iW2v8985YysiSyCAtjHtodqDWP8Bggc=
                            [X-WC-Webhook-ID] => 3
                            [X-WC-Webhook-Delivery-ID] => 04867ae384475360f5d8f136af5753b5
                        )

                )

            [Body] => Webhook body is not logged unless WP_DEBUG mode is turned on. This is to avoid the storing of personal data in the logs.
            [Response] => Array
                (
                    [Code] => 200
                    [Message] => OK
                    [Headers] => Requests_Utility_CaseInsensitiveDictionary Object
                        (
                            [data:protected] => Array
                                (
                                    [content-type] => text/html; charset=utf-8
                                    [date] => Tue, 11 May 2021 10:05:18 GMT
                                    [server] => nginx
                                    [vary] => Cookie
                                    [content-length] => 1
                                )

                        )

                    [Body] => Webhook body is not logged unless WP_DEBUG mode is turned on. This is to avoid the storing of personal data in the logs.
                )

        )

)

2021-05-11T10:06:21+00:00 INFO Array
(
    [Webhook Delivery] => Array
        (
            [Delivery ID] => 51b13f893ffbad65cd46a5970fefd560
            [Date] => May 11, 2021 @ 10:06
            [URL] => https://api.printful.com/hook/woocommerce?store=6365584
            [Duration] => 0.55593
            [Request] => Array
                (
                    [Method] => POST
                    [Headers] => Array
                        (
                            [User-Agent] => WooCommerce/4.7.1 Hookshot (WordPress/5.4.5)
                            [Content-Type] => application/json
                            [X-WC-Webhook-Source] => https://cosmicunicorns.com/
                            [X-WC-Webhook-Topic] => product.updated
                            [X-WC-Webhook-Resource] => product
                            [X-WC-Webhook-Event] => updated
                            [X-WC-Webhook-Signature] => 2OdwraAFbh9VyxFC7fv+DgJsLmiiFOvhxO9EfLDyQlc=
                            [X-WC-Webhook-ID] => 7
                            [X-WC-Webhook-Delivery-ID] => 51b13f893ffbad65cd46a5970fefd560
                        )

                )

            [Body] => Webhook body is not logged unless WP_DEBUG mode is turned on. This is to avoid the storing of personal data in the logs.
            [Response] => Array
                (
                    [Code] => 200
                    [Message] => OK
                    [Headers] => Requests_Utility_CaseInsensitiveDictionary Object
                        (
                            [data:protected] => Array
                                (
                                    [date] => Tue, 11 May 2021 10:06:21 GMT
                                    [content-type] => text/html; charset=UTF-8
                                    [vary] => Accept-Encoding
                                    [cf-cache-status] => DYNAMIC
                                    [cf-request-id] => 09fc7d617a000005c23e100000000001
                                    [expect-ct] => max-age=604800, report-uri="https://report-uri.cloudflare.com/cdn-cgi/beacon/expect-ct"
                                    [set-cookie] => __cf_bm=093e1b8fc7f45e96878449a8452a96dca8fa0687-1620727581-1800-AQke3EYEo/dZ+yNP+bp/ltv1HGyx0RN5x6rbQAyrd3XiN5ynNKb9OXAHTEn2qJkDnhmlx9QcLR4Tr+LERqVmc6Y=; path=/; expires=Tue, 11-May-21 10:36:21 GMT; domain=.printful.com; HttpOnly; Secure; SameSite=None
                                    [strict-transport-security] => max-age=31536000; includeSubDomains; preload
                                    [x-content-type-options] => nosniff
                                    [server] => cloudflare
                                    [cf-ray] => 64da98158b4205c2-IAD
                                    [content-encoding] => br
                                    [alt-svc] => h3-27=":443"; ma=86400, h3-28=":443"; ma=86400, h3-29=":443"; ma=86400
                                )

                        )

                    [Body] => Webhook body is not logged unless WP_DEBUG mode is turned on. This is to avoid the storing of personal data in the logs.
                )

        )

)

2021-05-11T10:06:21+00:00 INFO Array
(
    [Webhook Delivery] => Array
        (
            [Delivery ID] => cfaed67eb3d9e8954ce40a49f441e0a9
            [Date] => May 11, 2021 @ 10:06
            [URL] => https://a.klaviyo.com/api/webhook/integration/woocommerce?c=PMBkPv
            [Duration] => 0.1155
            [Request] => Array
                (
                    [Method] => POST
                    [Headers] => Array
                        (
                            [User-Agent] => WooCommerce/4.7.1 Hookshot (WordPress/5.4.5)
                            [Content-Type] => application/json
                            [X-WC-Webhook-Source] => https://cosmicunicorns.com/
                            [X-WC-Webhook-Topic] => product.updated
                            [X-WC-Webhook-Resource] => product
                            [X-WC-Webhook-Event] => updated
                            [X-WC-Webhook-Signature] => kLaA2TCeY/bq534cxMGzZH8NByhgrEmXUqAkpuz3fRw=
                            [X-WC-Webhook-ID] => 3
                            [X-WC-Webhook-Delivery-ID] => cfaed67eb3d9e8954ce40a49f441e0a9
                        )

                )

            [Body] => Webhook body is not logged unless WP_DEBUG mode is turned on. This is to avoid the storing of personal data in the logs.
            [Response] => Array
                (
                    [Code] => 200
                    [Message] => OK
                    [Headers] => Requests_Utility_CaseInsensitiveDictionary Object
                        (
                            [data:protected] => Array
                                (
                                    [content-type] => text/html; charset=utf-8
                                    [date] => Tue, 11 May 2021 10:06:21 GMT
                                    [server] => nginx
                                    [vary] => Cookie
                                    [content-length] => 1
                                )

                        )

                    [Body] => Webhook body is not logged unless WP_DEBUG mode is turned on. This is to avoid the storing of personal data in the logs.
                )

        )

)

2021-05-11T10:07:33+00:00 INFO Array
(
    [Webhook Delivery] => Array
        (
            [Delivery ID] => 78d5d5630bce572ad9366b7b35952596
            [Date] => May 11, 2021 @ 10:07
            [URL] => https://api.printful.com/hook/woocommerce?store=6365584
            [Duration] => 0.32917
            [Request] => Array
                (
                    [Method] => POST
                    [Headers] => Array
                        (
                            [User-Agent] => WooCommerce/4.7.1 Hookshot (WordPress/5.4.5)
                            [Content-Type] => application/json
                            [X-WC-Webhook-Source] => https://cosmicunicorns.com/
                            [X-WC-Webhook-Topic] => product.updated
                            [X-WC-Webhook-Resource] => product
                            [X-WC-Webhook-Event] => updated
                            [X-WC-Webhook-Signature] => ScGfMZtanq9sFewcKd9ZfBKT07MIjFaMzci2NozZ5ic=
                            [X-WC-Webhook-ID] => 7
                            [X-WC-Webhook-Delivery-ID] => 78d5d5630bce572ad9366b7b35952596
                        )

                )

            [Body] => Webhook body is not logged unless WP_DEBUG mode is turned on. This is to avoid the storing of personal data in the logs.
            [Response] => Array
                (
                    [Code] => 200
                    [Message] => OK
                    [Headers] => Requests_Utility_CaseInsensitiveDictionary Object
                        (
                            [data:protected] => Array
                                (
                                    [date] => Tue, 11 May 2021 10:07:33 GMT
                                    [content-type] => text/html; charset=UTF-8
                                    [vary] => Accept-Encoding
                                    [cf-cache-status] => DYNAMIC
                                    [cf-request-id] => 09fc7e7b7100005b4048a8d000000001
                                    [expect-ct] => max-age=604800, report-uri="https://report-uri.cloudflare.com/cdn-cgi/beacon/expect-ct"
                                    [set-cookie] => __cf_bm=57461461b692f548e3190495d56a2b28c375c8a6-1620727653-1800-AVkjEhB+4XajmpDLHgjnSP699/alnYLWkCyVQboV3D3Hzbwr0AJUdu63MceBf+tBSLS/++YTGPza8aUYILNQMH0=; path=/; expires=Tue, 11-May-21 10:37:33 GMT; domain=.printful.com; HttpOnly; Secure; SameSite=None
                                    [strict-transport-security] => max-age=31536000; includeSubDomains; preload
                                    [x-content-type-options] => nosniff
                                    [server] => cloudflare
                                    [cf-ray] => 64da99d8bd665b40-IAD
                                    [content-encoding] => br
                                    [alt-svc] => h3-27=":443"; ma=86400, h3-28=":443"; ma=86400, h3-29=":443"; ma=86400
                                )

                        )

                    [Body] => Webhook body is not logged unless WP_DEBUG mode is turned on. This is to avoid the storing of personal data in the logs.
                )

        )

)

2021-05-11T10:07:33+00:00 INFO Array
(
    [Webhook Delivery] => Array
        (
            [Delivery ID] => b971d994963433696eb13a1ddc6ff459
            [Date] => May 11, 2021 @ 10:07
            [URL] => https://a.klaviyo.com/api/webhook/integration/woocommerce?c=PMBkPv
            [Duration] => 0.12518
            [Request] => Array
                (
                    [Method] => POST
                    [Headers] => Array
                        (
                            [User-Agent] => WooCommerce/4.7.1 Hookshot (WordPress/5.4.5)
                            [Content-Type] => application/json
                            [X-WC-Webhook-Source] => https://cosmicunicorns.com/
                            [X-WC-Webhook-Topic] => product.created
                            [X-WC-Webhook-Resource] => product
                            [X-WC-Webhook-Event] => created
                            [X-WC-Webhook-Signature] => mutdcwxNzK0XzWd+jBGdySWRqw62IU/Pin8YUmSZgG4=
                            [X-WC-Webhook-ID] => 4
                            [X-WC-Webhook-Delivery-ID] => b971d994963433696eb13a1ddc6ff459
                        )

                )

            [Body] => Webhook body is not logged unless WP_DEBUG mode is turned on. This is to avoid the storing of personal data in the logs.
            [Response] => Array
                (
                    [Code] => 200
                    [Message] => OK
                    [Headers] => Requests_Utility_CaseInsensitiveDictionary Object
                        (
                            [data:protected] => Array
                                (
                                    [content-type] => text/html; charset=utf-8
                                    [date] => Tue, 11 May 2021 10:07:33 GMT
                                    [server] => nginx
                                    [vary] => Cookie
                                    [content-length] => 1
                                )

                        )

                    [Body] => Webhook body is not logged unless WP_DEBUG mode is turned on. This is to avoid the storing of personal data in the logs.
                )

        )

)

2021-05-11T10:07:34+00:00 INFO Array
(
    [Webhook Delivery] => Array
        (
            [Delivery ID] => 78d5d5630bce572ad9366b7b35952596
            [Date] => May 11, 2021 @ 10:07
            [URL] => https://api.printful.com/hook/woocommerce?store=6365584
            [Duration] => 0.51771
            [Request] => Array
                (
                    [Method] => POST
                    [Headers] => Array
                        (
                            [User-Agent] => WooCommerce/4.7.1 Hookshot (WordPress/5.4.5)
                            [Content-Type] => application/json
                            [X-WC-Webhook-Source] => https://cosmicunicorns.com/
                            [X-WC-Webhook-Topic] => product.updated
                            [X-WC-Webhook-Resource] => product
                            [X-WC-Webhook-Event] => updated
                            [X-WC-Webhook-Signature] => 7pwgLRc2/rvFwXd5Wu8UPAISla0axY0k5Up+qFAFGc4=
                            [X-WC-Webhook-ID] => 7
                            [X-WC-Webhook-Delivery-ID] => 78d5d5630bce572ad9366b7b35952596
                        )

                )

            [Body] => Webhook body is not logged unless WP_DEBUG mode is turned on. This is to avoid the storing of personal data in the logs.
            [Response] => Array
                (
                    [Code] => 200
                    [Message] => OK
                    [Headers] => Requests_Utility_CaseInsensitiveDictionary Object
                        (
                            [data:protected] => Array
                                (
                                    [date] => Tue, 11 May 2021 10:07:34 GMT
                                    [content-type] => text/html; charset=UTF-8
                                    [vary] => Accept-Encoding
                                    [cf-cache-status] => DYNAMIC
                                    [cf-request-id] => 09fc7e7d1000005803339db000000001
                                    [expect-ct] => max-age=604800, report-uri="https://report-uri.cloudflare.com/cdn-cgi/beacon/expect-ct"
                                    [set-cookie] => __cf_bm=cfb54fe5068314c10cf36388f9e85e8ed6473fa5-1620727654-1800-AUgIR2kugWGK6HCoc2WTtEYlM55up8udkr5BF3xvAtnPQVKLRsyB1HrmFukMF+0eDBZc0tyKYVrq5YmIB/PlTpM=; path=/; expires=Tue, 11-May-21 10:37:34 GMT; domain=.printful.com; HttpOnly; Secure; SameSite=None
                                    [strict-transport-security] => max-age=31536000; includeSubDomains; preload
                                    [x-content-type-options] => nosniff
                                    [server] => cloudflare
                                    [cf-ray] => 64da99db4cac5803-IAD
                                    [content-encoding] => br
                                    [alt-svc] => h3-27=":443"; ma=86400, h3-28=":443"; ma=86400, h3-29=":443"; ma=86400
                                )

                        )

                    [Body] => Webhook body is not logged unless WP_DEBUG mode is turned on. This is to avoid the storing of personal data in the logs.
                )

        )

)

2021-05-11T10:07:34+00:00 INFO Array
(
    [Webhook Delivery] => Array
        (
            [Delivery ID] => 3a1ff139d662cdd9b9810945b14b90b2
            [Date] => May 11, 2021 @ 10:07
            [URL] => https://a.klaviyo.com/api/webhook/integration/woocommerce?c=PMBkPv
            [Duration] => 0.12243
            [Request] => Array
                (
                    [Method] => POST
                    [Headers] => Array
                        (
                            [User-Agent] => WooCommerce/4.7.1 Hookshot (WordPress/5.4.5)
                            [Content-Type] => application/json
                            [X-WC-Webhook-Source] => https://cosmicunicorns.com/
                            [X-WC-Webhook-Topic] => product.updated
                            [X-WC-Webhook-Resource] => product
                            [X-WC-Webhook-Event] => updated
                            [X-WC-Webhook-Signature] => K+sMIicZdhdG0RSALup18QfSdODcXa26x2AYCoAhnw8=
                            [X-WC-Webhook-ID] => 3
                            [X-WC-Webhook-Delivery-ID] => 3a1ff139d662cdd9b9810945b14b90b2
                        )

                )

            [Body] => Webhook body is not logged unless WP_DEBUG mode is turned on. This is to avoid the storing of personal data in the logs.
            [Response] => Array
                (
                    [Code] => 200
                    [Message] => OK
                    [Headers] => Requests_Utility_CaseInsensitiveDictionary Object
                        (
                            [data:protected] => Array
                                (
                                    [content-type] => text/html; charset=utf-8
                                    [date] => Tue, 11 May 2021 10:07:34 GMT
                                    [server] => nginx
                                    [vary] => Cookie
                                    [content-length] => 1
                                )

                        )

                    [Body] => Webhook body is not logged unless WP_DEBUG mode is turned on. This is to avoid the storing of personal data in the logs.
                )

        )

)

2021-05-11T10:07:34+00:00 INFO Array
(
    [Webhook Delivery] => Array
        (
            [Delivery ID] => 3a1ff139d662cdd9b9810945b14b90b2
            [Date] => May 11, 2021 @ 10:07
            [URL] => https://a.klaviyo.com/api/webhook/integration/woocommerce?c=PMBkPv
            [Duration] => 0.12674
            [Request] => Array
                (
                    [Method] => POST
                    [Headers] => Array
                        (
                            [User-Agent] => WooCommerce/4.7.1 Hookshot (WordPress/5.4.5)
                            [Content-Type] => application/json
                            [X-WC-Webhook-Source] => https://cosmicunicorns.com/
                            [X-WC-Webhook-Topic] => product.updated
                            [X-WC-Webhook-Resource] => product
                            [X-WC-Webhook-Event] => updated
                            [X-WC-Webhook-Signature] => mutdcwxNzK0XzWd+jBGdySWRqw62IU/Pin8YUmSZgG4=
                            [X-WC-Webhook-ID] => 3
                            [X-WC-Webhook-Delivery-ID] => 3a1ff139d662cdd9b9810945b14b90b2
                        )

                )

            [Body] => Webhook body is not logged unless WP_DEBUG mode is turned on. This is to avoid the storing of personal data in the logs.
            [Response] => Array
                (
                    [Code] => 200
                    [Message] => OK
                    [Headers] => Requests_Utility_CaseInsensitiveDictionary Object
                        (
                            [data:protected] => Array
                                (
                                    [content-type] => text/html; charset=utf-8
                                    [date] => Tue, 11 May 2021 10:07:34 GMT
                                    [server] => nginx
                                    [vary] => Cookie
                                    [content-length] => 1
                                )

                        )

                    [Body] => Webhook body is not logged unless WP_DEBUG mode is turned on. This is to avoid the storing of personal data in the logs.
                )

        )

)

2021-05-11T10:52:33+00:00 INFO Array
(
    [Webhook Delivery] => Array
        (
            [Delivery ID] => 92f6450fd3c693af81f0139e3e2f68c4
            [Date] => May 11, 2021 @ 10:52
            [URL] => https://api.printful.com/hook/woocommerce?store=6365584
            [Duration] => 0.55614
            [Request] => Array
                (
                    [Method] => POST
                    [Headers] => Array
                        (
                            [User-Agent] => WooCommerce/4.7.1 Hookshot (WordPress/5.4.5)
                            [Content-Type] => application/json
                            [X-WC-Webhook-Source] => https://cosmicunicorns.com/
                            [X-WC-Webhook-Topic] => product.updated
                            [X-WC-Webhook-Resource] => product
                            [X-WC-Webhook-Event] => updated
                            [X-WC-Webhook-Signature] => tKro1yeHAEiLuZK/o9CXQZR/BDFxJiSf7q81y5QVALo=
                            [X-WC-Webhook-ID] => 7
                            [X-WC-Webhook-Delivery-ID] => 92f6450fd3c693af81f0139e3e2f68c4
                        )

                )

            [Body] => Webhook body is not logged unless WP_DEBUG mode is turned on. This is to avoid the storing of personal data in the logs.
            [Response] => Array
                (
                    [Code] => 200
                    [Message] => OK
                    [Headers] => Requests_Utility_CaseInsensitiveDictionary Object
                        (
                            [data:protected] => Array
                                (
                                    [date] => Tue, 11 May 2021 10:52:33 GMT
                                    [content-type] => text/html; charset=UTF-8
                                    [vary] => Accept-Encoding
                                    [x-fw-version] => 2.0.40
                                    [cf-cache-status] => DYNAMIC
                                    [cf-request-id] => 09fca7ad31000005e24382c000000001
                                    [expect-ct] => max-age=604800, report-uri="https://report-uri.cloudflare.com/cdn-cgi/beacon/expect-ct"
                                    [set-cookie] => __cf_bm=cb958d77027031cb8927627aac1a0e8c00fdc191-1620730353-1800-Af5gzykemuIbTa8/uJKQJL1++LxpZjrFEScvkkFu9Cp/mlURAnGLrHQNI3pkuvzABQIQk/1sHD49ujtPufs5se4=; path=/; expires=Tue, 11-May-21 11:22:33 GMT; domain=.printful.com; HttpOnly; Secure; SameSite=None
                                    [strict-transport-security] => max-age=31536000; includeSubDomains; preload
                                    [x-content-type-options] => nosniff
                                    [server] => cloudflare
                                    [cf-ray] => 64dadbc1e91105e2-IAD
                                    [content-encoding] => br
                                    [alt-svc] => h3-27=":443"; ma=86400, h3-28=":443"; ma=86400, h3-29=":443"; ma=86400
                                )

                        )

                    [Body] => Webhook body is not logged unless WP_DEBUG mode is turned on. This is to avoid the storing of personal data in the logs.
                )

        )

)

2021-05-11T10:52:33+00:00 INFO Array
(
    [Webhook Delivery] => Array
        (
            [Delivery ID] => 6d7e3711c4919a1c57d6e24263009f78
            [Date] => May 11, 2021 @ 10:52
            [URL] => https://a.klaviyo.com/api/webhook/integration/woocommerce?c=PMBkPv
            [Duration] => 0.17154
            [Request] => Array
                (
                    [Method] => POST
                    [Headers] => Array
                        (
                            [User-Agent] => WooCommerce/4.7.1 Hookshot (WordPress/5.4.5)
                            [Content-Type] => application/json
                            [X-WC-Webhook-Source] => https://cosmicunicorns.com/
                            [X-WC-Webhook-Topic] => product.updated
                            [X-WC-Webhook-Resource] => product
                            [X-WC-Webhook-Event] => updated
                            [X-WC-Webhook-Signature] => mg5mE9Oq08eFXAZ4Awz1bXhiz6xvq4WgpLxjcRTWUS4=
                            [X-WC-Webhook-ID] => 3
                            [X-WC-Webhook-Delivery-ID] => 6d7e3711c4919a1c57d6e24263009f78
                        )

                )

            [Body] => Webhook body is not logged unless WP_DEBUG mode is turned on. This is to avoid the storing of personal data in the logs.
            [Response] => Array
                (
                    [Code] => 200
                    [Message] => OK
                    [Headers] => Requests_Utility_CaseInsensitiveDictionary Object
                        (
                            [data:protected] => Array
                                (
                                    [content-type] => text/html; charset=utf-8
                                    [date] => Tue, 11 May 2021 10:52:33 GMT
                                    [server] => nginx
                                    [vary] => Cookie
                                    [content-length] => 1
                                )

                        )

                    [Body] => Webhook body is not logged unless WP_DEBUG mode is turned on. This is to avoid the storing of personal data in the logs.
                )

        )

)

2021-05-11T11:53:37+00:00 INFO Array
(
    [Webhook Delivery] => Array
        (
            [Delivery ID] => ec00c06d8bbcc2bbf3e3eb7436197e76
            [Date] => May 11, 2021 @ 11:53
            [URL] => https://api.printful.com/hook/woocommerce?store=6365584
            [Duration] => 1.35732
            [Request] => Array
                (
                    [Method] => POST
                    [Headers] => Array
                        (
                            [User-Agent] => WooCommerce/4.7.1 Hookshot (WordPress/5.4.5)
                            [Content-Type] => application/json
                            [X-WC-Webhook-Source] => https://cosmicunicorns.com/
                            [X-WC-Webhook-Topic] => product.updated
                            [X-WC-Webhook-Resource] => product
                            [X-WC-Webhook-Event] => updated
                            [X-WC-Webhook-Signature] => rLbFeHJCe7XkOWVkWYPme0Y5zPpvhHUPRBN098XEqt4=
                            [X-WC-Webhook-ID] => 7
                            [X-WC-Webhook-Delivery-ID] => ec00c06d8bbcc2bbf3e3eb7436197e76
                        )

                )

            [Body] => Webhook body is not logged unless WP_DEBUG mode is turned on. This is to avoid the storing of personal data in the logs.
            [Response] => Array
                (
                    [Code] => 200
                    [Message] => OK
                    [Headers] => Requests_Utility_CaseInsensitiveDictionary Object
                        (
                            [data:protected] => Array
                                (
                                    [date] => Tue, 11 May 2021 11:53:37 GMT
                                    [content-type] => text/html; charset=UTF-8
                                    [vary] => Accept-Encoding
                                    [x-fw-version] => 2.0.40
                                    [cf-cache-status] => DYNAMIC
                                    [cf-request-id] => 09fcdf9713000005b542b73000000001
                                    [expect-ct] => max-age=604800, report-uri="https://report-uri.cloudflare.com/cdn-cgi/beacon/expect-ct"
                                    [set-cookie] => __cf_bm=37ab3abd2aa24d5f32135159d8d89238c3517a8d-1620734017-1800-AcLOEHqDvSAwa5x/Jy8ZjXmVYMrbZve/j2E1f8wRTVYgemSs/ZqiEpBvuYUzSTBVoPEcHiJs+wlpKLkCfzZADW4=; path=/; expires=Tue, 11-May-21 12:23:37 GMT; domain=.printful.com; HttpOnly; Secure; SameSite=None
                                    [strict-transport-security] => max-age=31536000; includeSubDomains; preload
                                    [x-content-type-options] => nosniff
                                    [server] => cloudflare
                                    [cf-ray] => 64db35381ab905b5-IAD
                                    [content-encoding] => br
                                    [alt-svc] => h3-27=":443"; ma=86400, h3-28=":443"; ma=86400, h3-29=":443"; ma=86400
                                )

                        )

                    [Body] => Webhook body is not logged unless WP_DEBUG mode is turned on. This is to avoid the storing of personal data in the logs.
                )

        )

)

2021-05-11T11:53:38+00:00 INFO Array
(
    [Webhook Delivery] => Array
        (
            [Delivery ID] => d063531205fdfc4024a952d94674eee0
            [Date] => May 11, 2021 @ 11:53
            [URL] => https://a.klaviyo.com/api/webhook/integration/woocommerce?c=PMBkPv
            [Duration] => 1.00345
            [Request] => Array
                (
                    [Method] => POST
                    [Headers] => Array
                        (
                            [User-Agent] => WooCommerce/4.7.1 Hookshot (WordPress/5.4.5)
                            [Content-Type] => application/json
                            [X-WC-Webhook-Source] => https://cosmicunicorns.com/
                            [X-WC-Webhook-Topic] => product.updated
                            [X-WC-Webhook-Resource] => product
                            [X-WC-Webhook-Event] => updated
                            [X-WC-Webhook-Signature] => FMt5duQ9c2SKL6yKiRJuVjrxZ8z3Gmc4qc1v5LGjOws=
                            [X-WC-Webhook-ID] => 3
                            [X-WC-Webhook-Delivery-ID] => d063531205fdfc4024a952d94674eee0
                        )

                )

            [Body] => Webhook body is not logged unless WP_DEBUG mode is turned on. This is to avoid the storing of personal data in the logs.
            [Response] => Array
                (
                    [Code] => 200
                    [Message] => OK
                    [Headers] => Requests_Utility_CaseInsensitiveDictionary Object
                        (
                            [data:protected] => Array
                                (
                                    [content-type] => text/html; charset=utf-8
                                    [date] => Tue, 11 May 2021 11:53:38 GMT
                                    [server] => nginx
                                    [vary] => Cookie
                                    [content-length] => 1
                                )

                        )

                    [Body] => Webhook body is not logged unless WP_DEBUG mode is turned on. This is to avoid the storing of personal data in the logs.
                )

        )

)

